TN:
SF:script/DeployAccountFactory.s.sol
DA:7,10
FN:7,DeployAccountFactory.run
FNDA:10,DeployAccountFactory.run
DA:8,10
DA:9,10
FNF:1
FNH:1
LF:3
LH:3
BRF:0
BRH:0
end_of_record
TN:
SF:src/AccountFactory.sol
DA:28,10
FN:28,AccountFactory.constructor
FNDA:10,AccountFactory.constructor
DA:29,10
DA:36,13
FN:36,AccountFactory.createAccount
FNDA:13,AccountFactory.createAccount
DA:37,13
DA:38,13
DA:39,13
DA:41,13
BRDA:41,0,0,1
DA:42,1
DA:44,12
DA:45,12
DA:46,12
DA:47,12
DA:49,12
DA:51,4
FN:51,AccountFactory.getAddress
FNDA:4,AccountFactory.getAddress
DA:52,4
DA:53,4
FNF:3
FNH:3
LF:16
LH:16
BRF:1
BRH:1
end_of_record
TN:
SF:src/SimpleAccount.sol
DA:56,43
FN:56,SimpleAccount.initialize
FNDA:43,SimpleAccount.initialize
DA:57,42
DA:63,41521
FN:63,SimpleAccount.onlyOwner
FNDA:41521,SimpleAccount.onlyOwner
DA:64,41521
BRDA:64,0,0,1
DA:65,1
DA:70,41523
FN:70,SimpleAccount.contractFundedForTasks
FNDA:41523,SimpleAccount.contractFundedForTasks
DA:71,41523
BRDA:71,1,0,2
DA:72,2
DA:77,266
FN:77,SimpleAccount.taskExist
FNDA:266,SimpleAccount.taskExist
DA:78,266
BRDA:78,2,0,1
DA:79,1
DA:89,41523
FN:89,SimpleAccount.createTask
FNDA:41523,SimpleAccount.createTask
DA:94,41520
DA:104,41520
DA:105,41520
DA:106,41520
DA:108,11
FN:108,SimpleAccount.expireTask
FNDA:11,SimpleAccount.expireTask
DA:109,11
DA:110,11
BRDA:110,3,0,2
DA:111,2
DA:113,2
BRDA:113,4,0,2
DA:114,2
DA:116,7
DA:117,7
DA:120,268
FN:120,SimpleAccount.completeTask
FNDA:268,SimpleAccount.completeTask
DA:121,266
DA:122,3
BRDA:122,5,0,3
DA:123,3
DA:125,1
BRDA:125,6,0,1
DA:126,1
DA:128,1
BRDA:128,7,0,1
DA:129,1
DA:132,261
DA:134,261
DA:136,261
BRDA:136,8,0,261
DA:137,261
DA:138,261
BRDA:138,9,0,-
DA:139,0
DA:142,261
DA:145,266
FN:145,SimpleAccount.cancelTask
FNDA:266,SimpleAccount.cancelTask
DA:146,264
DA:147,2
BRDA:147,10,0,2
DA:148,2
DA:150,1
BRDA:150,11,0,1
DA:151,1
DA:153,261
DA:154,261
DA:155,261
DA:158,37666
FN:158,SimpleAccount.getTask
FNDA:37666,SimpleAccount.getTask
DA:159,37666
FNF:9
FNH:9
LF:50
LH:49
BRF:12
BRH:11
end_of_record
